{"level":"fatal","msg":"http: Server closed","time":"2022-03-07T13:04:19+03:00"}
{"level":"fatal","msg":"http: Server closed","time":"2022-03-07T13:11:22+03:00"}
{"level":"fatal","msg":"http: Server closed","time":"2022-03-07T13:14:15+03:00"}
{"level":"fatal","msg":"http: Server closed","time":"2022-03-07T14:19:32+03:00"}
{"level":"fatal","msg":"http: Server closed","time":"2022-03-09T10:57:52+03:00"}
{"level":"fatal","msg":"http: Server closed","time":"2022-03-09T11:09:09+03:00"}
{"level":"fatal","msg":"Error creating database files: resource temporarily unavailable","time":"2022-03-09T11:11:35+03:00"}
{"level":"fatal","msg":"http: Server closed","time":"2022-03-09T11:12:06+03:00"}
{"level":"fatal","msg":"http: Server closed","time":"2022-03-09T11:12:43+03:00"}
{"level":"fatal","msg":"http: Server closed","time":"2022-03-09T11:27:29+03:00"}
{"level":"fatal","msg":"http: Server closed","time":"2022-03-09T11:48:45+03:00"}
{"level":"fatal","msg":"http: Server closed","time":"2022-03-09T11:49:36+03:00"}
{"level":"fatal","msg":"http: Server closed","time":"2022-03-09T11:49:56+03:00"}
{"level":"fatal","msg":"http: Server closed","time":"2022-03-09T12:46:44+03:00"}
{"level":"fatal","msg":"http: Server closed","time":"2022-03-09T12:48:29+03:00"}
{"level":"fatal","msg":"Error loading config: open /static/config.env: no such file or directory","time":"2022-03-09T12:49:05+03:00"}
{"level":"fatal","msg":"http: Server closed","time":"2022-03-09T12:49:23+03:00"}
{"level":"fatal","msg":"http: Server closed","time":"2022-03-09T12:49:50+03:00"}
{"level":"fatal","msg":"http: Server closed","time":"2022-03-09T13:11:41+03:00"}
{"level":"fatal","msg":"http: Server closed","time":"2022-03-09T13:12:01+03:00"}
{"level":"fatal","msg":"http: Server closed","time":"2022-03-09T17:35:47+03:00"}
{"level":"fatal","msg":"http: Server closed","time":"2022-03-09T17:36:28+03:00"}
{"level":"fatal","msg":"Error loading config: open READTIMEOUT=30\nWRITETIMEOUT=30\nREADHEADERTIMEOUT=30\n: no such file or directory","time":"2022-03-10T10:21:55+03:00"}
{"level":"fatal","msg":"Error loading config: open READTIMEOUT=30\nWRITETIMEOUT=30\nREADHEADERTIMEOUT=30\n: no such file or directory","time":"2022-03-10T10:23:59+03:00"}
{"level":"fatal","msg":"http: Server closed","time":"2022-03-10T10:30:35+03:00"}
{"level":"error","msg":"template parsing error: template: pattern matches no files: `homepage`","time":"2022-03-10T10:43:31+03:00"}
{"level":"error","msg":"template parsing error: template: pattern matches no files: `homepage`","time":"2022-03-10T10:43:31+03:00"}
{"level":"error","msg":"template parsing error: template: pattern matches no files: `homepage`","time":"2022-03-10T10:43:31+03:00"}
{"level":"error","msg":"template parsing error: template: pattern matches no files: `homepage`","time":"2022-03-10T10:43:31+03:00"}
{"level":"error","msg":"template parsing error: template: pattern matches no files: `homepage`","time":"2022-03-10T10:43:31+03:00"}
{"level":"error","msg":"template parsing error: template: pattern matches no files: `homepage`","time":"2022-03-10T10:43:31+03:00"}
{"level":"error","msg":"template parsing error: template: pattern matches no files: `homepage`","time":"2022-03-10T10:43:31+03:00"}
{"level":"error","msg":"template parsing error: template: pattern matches no files: `homepage`","time":"2022-03-10T10:43:31+03:00"}
{"level":"error","msg":"template parsing error: template: pattern matches no files: `homepage`","time":"2022-03-10T10:43:31+03:00"}
{"level":"error","msg":"template parsing error: template: pattern matches no files: `homepage`","time":"2022-03-10T10:43:31+03:00"}
{"level":"error","msg":"template parsing error: template: pattern matches no files: `homepage`","time":"2022-03-10T10:43:33+03:00"}
{"level":"error","msg":"template parsing error: template: pattern matches no files: `homepage`","time":"2022-03-10T10:43:33+03:00"}
{"level":"error","msg":"template parsing error: template: pattern matches no files: `homepage`","time":"2022-03-10T10:43:33+03:00"}
{"level":"error","msg":"template parsing error: template: pattern matches no files: `homepage`","time":"2022-03-10T10:43:33+03:00"}
{"level":"error","msg":"template parsing error: template: pattern matches no files: `homepage`","time":"2022-03-10T10:43:33+03:00"}
{"level":"error","msg":"template parsing error: template: pattern matches no files: `homepage`","time":"2022-03-10T10:43:33+03:00"}
{"level":"error","msg":"template parsing error: template: pattern matches no files: `homepage`","time":"2022-03-10T10:43:33+03:00"}
{"level":"error","msg":"template parsing error: template: pattern matches no files: `homepage`","time":"2022-03-10T10:43:33+03:00"}
{"level":"error","msg":"template parsing error: template: pattern matches no files: `homepage`","time":"2022-03-10T10:43:33+03:00"}
{"level":"error","msg":"template parsing error: template: pattern matches no files: `homepage`","time":"2022-03-10T10:43:33+03:00"}
{"level":"fatal","msg":"http: Server closed","time":"2022-03-10T10:43:36+03:00"}
{"level":"fatal","msg":"http: Server closed","time":"2022-03-10T10:48:47+03:00"}
{"level":"fatal","msg":"http: Server closed","time":"2022-03-10T11:19:57+03:00"}
